v0.1.0 - NobetciEczane  - Spatulası ile proje başlamıştır..
v0.1.1 - Akaryakit      - Spatulası Eklenmiştir..
v0.1.2 - Doviz          - Spatulası Eklenmiştir..
v0.1.3 - SonDepremler   - Spatulası Eklenmiştir..
v0.1.4 - BimAktuel      - Spatulası Eklenmiştir..
v0.1.5 - SonDakika      - Spatulası Eklenmiştir..
v0.1.6 - HavaDurumu     - Spatulası Eklenmiştir..
v0.1.7 - Ezan           - Spatulası Eklenmiştir..
v0.1.8 - HavaDurumu     - Karakter Sorunu Çözülmüştür..
v0.1.9 - DiscUdemy      - Spatulası Eklenmiştir..

v0.2.1 - Tekrarlayan fonksiyonlar Statik.py'a taşınıp; Spatula Sınıflar statikten miras almıştır ve nesne methodu eklenmiştir..
v0.2.2 - Statik Class KekikSpatula olarak yeniden adlandırılmıştır ve @property , __repr__ eklenmiştir..

v0.2.3 - TrendyolYorum  - Spatulası Eklenmiştir..
v0.2.4 - Covid          - Spatulası Eklenmiştir..

v0.2.5 - Çeşitli iyileştirmeler..

v0.2.7 - Google          - Spatulası Eklenmiştir..
v0.3.0 - KekikTube       - Çeşitli iyileştirmeler ve Spatulası Eklenmiştir..

v0.3.1 - Çeşitli iyileştirmeler..
v0.3.2 - Ezan Spatulası için Varsayılan Zaman Dilimi > Turkey
v0.3.3 - PyTube Hatası null Döndürüldü.. > https://github.com/nficano/pytube/issues/845#issuecomment-738284983

v0.3.4 - Çeşitli iyileştirmeler..
v0.3.5 - Çeşitli iyileştirmeler..

v0.3.6 - requirements | == » >=

v0.3.7 - UcuzUcak        - Spatulası Eklenmiştir..
v0.3.8 - CocukMasallari  - Spatulası Eklenmiştir.. (Çaktırmadan)
v0.3.9 - CocukMasallari  - İlan

v0.4.0 - Çeşitli iyileştirmeler..

v0.4.1 - Taban İyileştirildi, Sahibinden Eklendi, Trendyol İyileştirildi..

v0.4.2 - Sahibinden Spatulası Onarıldı..

v0.4.4 - TrendyolKategori - Spatulası Eklenmiştir..

v0.4.6 - BimAktuel - Hatası Giderildi..
v0.4.7 - SonDakika | NobetciEczane - Hatası Giderildi..

v0.4.8 - ArasKargo  - Spatulası Eklenmiştir..
v0.4.9 - Sahibinden - Hatası Giderildi..

v0.5.0 - ArasKargo  - Fatura Bilgileri Detaylandırıldı..
v0.5.1 - ArasKargo  - Fatura Seri Numara ile Arama Eklendi..

v0.5.5 - Covid Spatulası kaldırıldı ve çeşitli iyileştirmeler yapıldı..

v0.5.6 - Covid Spatulası eklendi ve attrdict attrdict2 olarak değiştirildi..
v0.5.7 - corona.cbddo.gov.tr kaynağı kaldırıldı..

v0.5.8 - klines/candlestick Spatulası Eklendi..

v0.6.0 - N11 Spatulası Eklendi..

v0.6.1 - fake_useragent bağımlılığı kaldırıldı..